[2020-04-24 15:58:57] production.ERROR: It is unsafe to run Dusk in production. {"exception":"[object] (Exception(code: 0): It is unsafe to run Dusk in production. at C:\\xampp\\htdocs\\arconesycanastas.pe\\vendor\\laravel\\dusk\\src\\DuskServiceProvider.php:44)
[stacktrace]
#0 C:\\xampp\\htdocs\\arconesycanastas.pe\\vendor\\laravel\\framework\\src\\Illuminate\\Foundation\\Application.php(616): Laravel\\Dusk\\DuskServiceProvider->register()
#1 C:\\xampp\\htdocs\\arconesycanastas.pe\\vendor\\laravel\\framework\\src\\Illuminate\\Foundation\\ProviderRepository.php(75): Illuminate\\Foundation\\Application->register(Object(Laravel\\Dusk\\DuskServiceProvider))
#2 C:\\xampp\\htdocs\\arconesycanastas.pe\\vendor\\laravel\\framework\\src\\Illuminate\\Foundation\\Application.php(593): Illuminate\\Foundation\\ProviderRepository->load(Array)
#3 C:\\xampp\\htdocs\\arconesycanastas.pe\\vendor\\laravel\\framework\\src\\Illuminate\\Foundation\\Bootstrap\\RegisterProviders.php(17): Illuminate\\Foundation\\Application->registerConfiguredProviders()
#4 C:\\xampp\\htdocs\\arconesycanastas.pe\\vendor\\laravel\\framework\\src\\Illuminate\\Foundation\\Application.php(219): Illuminate\\Foundation\\Bootstrap\\RegisterProviders->bootstrap(Object(Illuminate\\Foundation\\Application))
#5 C:\\xampp\\htdocs\\arconesycanastas.pe\\vendor\\laravel\\framework\\src\\Illuminate\\Foundation\\Http\\Kernel.php(156): Illuminate\\Foundation\\Application->bootstrapWith(Array)
#6 C:\\xampp\\htdocs\\arconesycanastas.pe\\vendor\\laravel\\framework\\src\\Illuminate\\Foundation\\Http\\Kernel.php(140): Illuminate\\Foundation\\Http\\Kernel->bootstrap()
#7 C:\\xampp\\htdocs\\arconesycanastas.pe\\vendor\\laravel\\framework\\src\\Illuminate\\Foundation\\Http\\Kernel.php(110): Illuminate\\Foundation\\Http\\Kernel->sendRequestThroughRouter(Object(Illuminate\\Http\\Request))
#8 C:\\xampp\\htdocs\\arconesycanastas.pe\\public\\index.php(55): Illuminate\\Foundation\\Http\\Kernel->handle(Object(Illuminate\\Http\\Request))
#9 {main}
"} 
[2020-04-24 15:58:57] production.ERROR: Target class [translator] does not exist. (View: C:\xampp\htdocs\arconesycanastas.pe\resources\views\errors\500.blade.php) {"exception":"[object] (ErrorException(code: 0): Target class [translator] does not exist. (View: C:\\xampp\\htdocs\\arconesycanastas.pe\esources\\views\\errors\\500.blade.php) at C:\\xampp\\htdocs\\arconesycanastas.pe\\vendor\\laravel\\framework\\src\\Illuminate\\Container\\Container.php:805)
[stacktrace]
#0 C:\\xampp\\htdocs\\arconesycanastas.pe\\vendor\\laravel\\framework\\src\\Illuminate\\View\\Engines\\PhpEngine.php(45): Illuminate\\View\\Engines\\CompilerEngine->handleViewException(Object(Illuminate\\Contracts\\Container\\BindingResolutionException), 1)
#1 C:\\xampp\\htdocs\\arconesycanastas.pe\\vendor\\laravel\\framework\\src\\Illuminate\\View\\Engines\\CompilerEngine.php(59): Illuminate\\View\\Engines\\PhpEngine->evaluatePath('C:\\\\xampp\\\\htdocs...', Array)
#2 C:\\xampp\\htdocs\\arconesycanastas.pe\\vendor\\laravel\\framework\\src\\Illuminate\\View\\View.php(143): Illuminate\\View\\Engines\\CompilerEngine->get('C:\\\\xampp\\\\htdocs...', Array)
#3 C:\\xampp\\htdocs\\arconesycanastas.pe\\vendor\\laravel\\framework\\src\\Illuminate\\View\\View.php(126): Illuminate\\View\\View->getContents()
#4 C:\\xampp\\htdocs\\arconesycanastas.pe\\vendor\\laravel\\framework\\src\\Illuminate\\View\\View.php(91): Illuminate\\View\\View->renderContents()
#5 C:\\xampp\\htdocs\\arconesycanastas.pe\\vendor\\laravel\\framework\\src\\Illuminate\\Http\\Response.php(42): Illuminate\\View\\View->render()
#6 C:\\xampp\\htdocs\\arconesycanastas.pe\\vendor\\symfony\\http-foundation\\Response.php(202): Illuminate\\Http\\Response->setContent(Object(Illuminate\\View\\View))
#7 C:\\xampp\\htdocs\\arconesycanastas.pe\\vendor\\laravel\\framework\\src\\Illuminate\\Routing\\ResponseFactory.php(55): Symfony\\Component\\HttpFoundation\\Response->__construct(Object(Illuminate\\View\\View), 500, Array)
#8 C:\\xampp\\htdocs\\arconesycanastas.pe\\vendor\\laravel\\framework\\src\\Illuminate\\Routing\\ResponseFactory.php(85): Illuminate\\Routing\\ResponseFactory->make(Object(Illuminate\\View\\View), 500, Array)
#9 C:\\xampp\\htdocs\\arconesycanastas.pe\\vendor\\laravel\\framework\\src\\Illuminate\\Foundation\\Exceptions\\Handler.php(407): Illuminate\\Routing\\ResponseFactory->view('errors::500', Array, 500, Array)
#10 C:\\xampp\\htdocs\\arconesycanastas.pe\\vendor\\laravel\\framework\\src\\Illuminate\\Foundation\\Exceptions\\Handler.php(312): Illuminate\\Foundation\\Exceptions\\Handler->renderHttpException(Object(Symfony\\Component\\HttpKernel\\Exception\\HttpException))
#11 C:\\xampp\\htdocs\\arconesycanastas.pe\\vendor\\laravel\\framework\\src\\Illuminate\\Foundation\\Exceptions\\Handler.php(209): Illuminate\\Foundation\\Exceptions\\Handler->prepareResponse(Object(Illuminate\\Http\\Request), Object(Symfony\\Component\\HttpKernel\\Exception\\HttpException))
#12 C:\\xampp\\htdocs\\arconesycanastas.pe\\app\\Exceptions\\Handler.php(49): Illuminate\\Foundation\\Exceptions\\Handler->render(Object(Illuminate\\Http\\Request), Object(Exception))
#13 C:\\xampp\\htdocs\\arconesycanastas.pe\\vendor\\laravel\\framework\\src\\Illuminate\\Foundation\\Http\\Kernel.php(420): App\\Exceptions\\Handler->render(Object(Illuminate\\Http\\Request), Object(Exception))
#14 C:\\xampp\\htdocs\\arconesycanastas.pe\\vendor\\laravel\\framework\\src\\Illuminate\\Foundation\\Http\\Kernel.php(114): Illuminate\\Foundation\\Http\\Kernel->renderException(Object(Illuminate\\Http\\Request), Object(Exception))
#15 C:\\xampp\\htdocs\\arconesycanastas.pe\\public\\index.php(55): Illuminate\\Foundation\\Http\\Kernel->handle(Object(Illuminate\\Http\\Request))
#16 {main}

[previous exception] [object] (Illuminate\\Contracts\\Container\\BindingResolutionException(code: 0): Target class [translator] does not exist. at C:\\xampp\\htdocs\\arconesycanastas.pe\\vendor\\laravel\\framework\\src\\Illuminate\\Container\\Container.php:805)
[stacktrace]
#0 C:\\xampp\\htdocs\\arconesycanastas.pe\\vendor\\laravel\\framework\\src\\Illuminate\\Container\\Container.php(681): Illuminate\\Container\\Container->build('translator')
#1 C:\\xampp\\htdocs\\arconesycanastas.pe\\vendor\\laravel\\framework\\src\\Illuminate\\Foundation\\Application.php(785): Illuminate\\Container\\Container->resolve('translator', Array, true)
#2 C:\\xampp\\htdocs\\arconesycanastas.pe\\vendor\\laravel\\framework\\src\\Illuminate\\Container\\Container.php(629): Illuminate\\Foundation\\Application->resolve('translator', Array)
#3 C:\\xampp\\htdocs\\arconesycanastas.pe\\vendor\\laravel\\framework\\src\\Illuminate\\Foundation\\Application.php(770): Illuminate\\Container\\Container->make('translator', Array)
#4 C:\\xampp\\htdocs\\arconesycanastas.pe\\vendor\\laravel\\framework\\src\\Illuminate\\Foundation\\helpers.php(121): Illuminate\\Foundation\\Application->make('translator', Array)
#5 C:\\xampp\\htdocs\\arconesycanastas.pe\\vendor\\laravel\\framework\\src\\Illuminate\\Foundation\\helpers.php(872): app('translator')
#6 C:\\xampp\\htdocs\\arconesycanastas.pe\\vendor\\laravel\\framework\\src\\Illuminate\\Foundation\\helpers.php(907): trans('Error del Servi...', Array, NULL)
#7 C:\\xampp\\htdocs\\arconesycanastas.pe\\storage\\framework\\views\\dd7065d291716526b9429109375e19a88de43f0f.php(1): __('Error del Servi...')
#8 C:\\xampp\\htdocs\\arconesycanastas.pe\\vendor\\laravel\\framework\\src\\Illuminate\\View\\Engines\\PhpEngine.php(43): include('C:\\\\xampp\\\\htdocs...')
#9 C:\\xampp\\htdocs\\arconesycanastas.pe\\vendor\\laravel\\framework\\src\\Illuminate\\View\\Engines\\CompilerEngine.php(59): Illuminate\\View\\Engines\\PhpEngine->evaluatePath('C:\\\\xampp\\\\htdocs...', Array)
#10 C:\\xampp\\htdocs\\arconesycanastas.pe\\vendor\\laravel\\framework\\src\\Illuminate\\View\\View.php(143): Illuminate\\View\\Engines\\CompilerEngine->get('C:\\\\xampp\\\\htdocs...', Array)
#11 C:\\xampp\\htdocs\\arconesycanastas.pe\\vendor\\laravel\\framework\\src\\Illuminate\\View\\View.php(126): Illuminate\\View\\View->getContents()
#12 C:\\xampp\\htdocs\\arconesycanastas.pe\\vendor\\laravel\\framework\\src\\Illuminate\\View\\View.php(91): Illuminate\\View\\View->renderContents()
#13 C:\\xampp\\htdocs\\arconesycanastas.pe\\vendor\\laravel\\framework\\src\\Illuminate\\Http\\Response.php(42): Illuminate\\View\\View->render()
#14 C:\\xampp\\htdocs\\arconesycanastas.pe\\vendor\\symfony\\http-foundation\\Response.php(202): Illuminate\\Http\\Response->setContent(Object(Illuminate\\View\\View))
#15 C:\\xampp\\htdocs\\arconesycanastas.pe\\vendor\\laravel\\framework\\src\\Illuminate\\Routing\\ResponseFactory.php(55): Symfony\\Component\\HttpFoundation\\Response->__construct(Object(Illuminate\\View\\View), 500, Array)
#16 C:\\xampp\\htdocs\\arconesycanastas.pe\\vendor\\laravel\\framework\\src\\Illuminate\\Routing\\ResponseFactory.php(85): Illuminate\\Routing\\ResponseFactory->make(Object(Illuminate\\View\\View), 500, Array)
#17 C:\\xampp\\htdocs\\arconesycanastas.pe\\vendor\\laravel\\framework\\src\\Illuminate\\Foundation\\Exceptions\\Handler.php(407): Illuminate\\Routing\\ResponseFactory->view('errors::500', Array, 500, Array)
#18 C:\\xampp\\htdocs\\arconesycanastas.pe\\vendor\\laravel\\framework\\src\\Illuminate\\Foundation\\Exceptions\\Handler.php(312): Illuminate\\Foundation\\Exceptions\\Handler->renderHttpException(Object(Symfony\\Component\\HttpKernel\\Exception\\HttpException))
#19 C:\\xampp\\htdocs\\arconesycanastas.pe\\vendor\\laravel\\framework\\src\\Illuminate\\Foundation\\Exceptions\\Handler.php(209): Illuminate\\Foundation\\Exceptions\\Handler->prepareResponse(Object(Illuminate\\Http\\Request), Object(Symfony\\Component\\HttpKernel\\Exception\\HttpException))
#20 C:\\xampp\\htdocs\\arconesycanastas.pe\\app\\Exceptions\\Handler.php(49): Illuminate\\Foundation\\Exceptions\\Handler->render(Object(Illuminate\\Http\\Request), Object(Exception))
#21 C:\\xampp\\htdocs\\arconesycanastas.pe\\vendor\\laravel\\framework\\src\\Illuminate\\Foundation\\Http\\Kernel.php(420): App\\Exceptions\\Handler->render(Object(Illuminate\\Http\\Request), Object(Exception))
#22 C:\\xampp\\htdocs\\arconesycanastas.pe\\vendor\\laravel\\framework\\src\\Illuminate\\Foundation\\Http\\Kernel.php(114): Illuminate\\Foundation\\Http\\Kernel->renderException(Object(Illuminate\\Http\\Request), Object(Exception))
#23 C:\\xampp\\htdocs\\arconesycanastas.pe\\public\\index.php(55): Illuminate\\Foundation\\Http\\Kernel->handle(Object(Illuminate\\Http\\Request))
#24 {main}

[previous exception] [object] (ReflectionException(code: -1): Class translator does not exist at C:\\xampp\\htdocs\\arconesycanastas.pe\\vendor\\laravel\\framework\\src\\Illuminate\\Container\\Container.php:803)
[stacktrace]
#0 C:\\xampp\\htdocs\\arconesycanastas.pe\\vendor\\laravel\\framework\\src\\Illuminate\\Container\\Container.php(803): ReflectionClass->__construct('translator')
#1 C:\\xampp\\htdocs\\arconesycanastas.pe\\vendor\\laravel\\framework\\src\\Illuminate\\Container\\Container.php(681): Illuminate\\Container\\Container->build('translator')
#2 C:\\xampp\\htdocs\\arconesycanastas.pe\\vendor\\laravel\\framework\\src\\Illuminate\\Foundation\\Application.php(785): Illuminate\\Container\\Container->resolve('translator', Array, true)
#3 C:\\xampp\\htdocs\\arconesycanastas.pe\\vendor\\laravel\\framework\\src\\Illuminate\\Container\\Container.php(629): Illuminate\\Foundation\\Application->resolve('translator', Array)
#4 C:\\xampp\\htdocs\\arconesycanastas.pe\\vendor\\laravel\\framework\\src\\Illuminate\\Foundation\\Application.php(770): Illuminate\\Container\\Container->make('translator', Array)
#5 C:\\xampp\\htdocs\\arconesycanastas.pe\\vendor\\laravel\\framework\\src\\Illuminate\\Foundation\\helpers.php(121): Illuminate\\Foundation\\Application->make('translator', Array)
#6 C:\\xampp\\htdocs\\arconesycanastas.pe\\vendor\\laravel\\framework\\src\\Illuminate\\Foundation\\helpers.php(872): app('translator')
#7 C:\\xampp\\htdocs\\arconesycanastas.pe\\vendor\\laravel\\framework\\src\\Illuminate\\Foundation\\helpers.php(907): trans('Error del Servi...', Array, NULL)
#8 C:\\xampp\\htdocs\\arconesycanastas.pe\\storage\\framework\\views\\dd7065d291716526b9429109375e19a88de43f0f.php(1): __('Error del Servi...')
#9 C:\\xampp\\htdocs\\arconesycanastas.pe\\vendor\\laravel\\framework\\src\\Illuminate\\View\\Engines\\PhpEngine.php(43): include('C:\\\\xampp\\\\htdocs...')
#10 C:\\xampp\\htdocs\\arconesycanastas.pe\\vendor\\laravel\\framework\\src\\Illuminate\\View\\Engines\\CompilerEngine.php(59): Illuminate\\View\\Engines\\PhpEngine->evaluatePath('C:\\\\xampp\\\\htdocs...', Array)
#11 C:\\xampp\\htdocs\\arconesycanastas.pe\\vendor\\laravel\\framework\\src\\Illuminate\\View\\View.php(143): Illuminate\\View\\Engines\\CompilerEngine->get('C:\\\\xampp\\\\htdocs...', Array)
#12 C:\\xampp\\htdocs\\arconesycanastas.pe\\vendor\\laravel\\framework\\src\\Illuminate\\View\\View.php(126): Illuminate\\View\\View->getContents()
#13 C:\\xampp\\htdocs\\arconesycanastas.pe\\vendor\\laravel\\framework\\src\\Illuminate\\View\\View.php(91): Illuminate\\View\\View->renderContents()
#14 C:\\xampp\\htdocs\\arconesycanastas.pe\\vendor\\laravel\\framework\\src\\Illuminate\\Http\\Response.php(42): Illuminate\\View\\View->render()
#15 C:\\xampp\\htdocs\\arconesycanastas.pe\\vendor\\symfony\\http-foundation\\Response.php(202): Illuminate\\Http\\Response->setContent(Object(Illuminate\\View\\View))
#16 C:\\xampp\\htdocs\\arconesycanastas.pe\\vendor\\laravel\\framework\\src\\Illuminate\\Routing\\ResponseFactory.php(55): Symfony\\Component\\HttpFoundation\\Response->__construct(Object(Illuminate\\View\\View), 500, Array)
#17 C:\\xampp\\htdocs\\arconesycanastas.pe\\vendor\\laravel\\framework\\src\\Illuminate\\Routing\\ResponseFactory.php(85): Illuminate\\Routing\\ResponseFactory->make(Object(Illuminate\\View\\View), 500, Array)
#18 C:\\xampp\\htdocs\\arconesycanastas.pe\\vendor\\laravel\\framework\\src\\Illuminate\\Foundation\\Exceptions\\Handler.php(407): Illuminate\\Routing\\ResponseFactory->view('errors::500', Array, 500, Array)
#19 C:\\xampp\\htdocs\\arconesycanastas.pe\\vendor\\laravel\\framework\\src\\Illuminate\\Foundation\\Exceptions\\Handler.php(312): Illuminate\\Foundation\\Exceptions\\Handler->renderHttpException(Object(Symfony\\Component\\HttpKernel\\Exception\\HttpException))
#20 C:\\xampp\\htdocs\\arconesycanastas.pe\\vendor\\laravel\\framework\\src\\Illuminate\\Foundation\\Exceptions\\Handler.php(209): Illuminate\\Foundation\\Exceptions\\Handler->prepareResponse(Object(Illuminate\\Http\\Request), Object(Symfony\\Component\\HttpKernel\\Exception\\HttpException))
#21 C:\\xampp\\htdocs\\arconesycanastas.pe\\app\\Exceptions\\Handler.php(49): Illuminate\\Foundation\\Exceptions\\Handler->render(Object(Illuminate\\Http\\Request), Object(Exception))
#22 C:\\xampp\\htdocs\\arconesycanastas.pe\\vendor\\laravel\\framework\\src\\Illuminate\\Foundation\\Http\\Kernel.php(420): App\\Exceptions\\Handler->render(Object(Illuminate\\Http\\Request), Object(Exception))
#23 C:\\xampp\\htdocs\\arconesycanastas.pe\\vendor\\laravel\\framework\\src\\Illuminate\\Foundation\\Http\\Kernel.php(114): Illuminate\\Foundation\\Http\\Kernel->renderException(Object(Illuminate\\Http\\Request), Object(Exception))
#24 C:\\xampp\\htdocs\\arconesycanastas.pe\\public\\index.php(55): Illuminate\\Foundation\\Http\\Kernel->handle(Object(Illuminate\\Http\\Request))
#25 {main}
"} 
[2020-04-24 15:58:57] production.ERROR: Uncaught ReflectionException: Class translator does not exist in C:\xampp\htdocs\arconesycanastas.pe\vendor\laravel\framework\src\Illuminate\Container\Container.php:803
Stack trace:
#0 C:\xampp\htdocs\arconesycanastas.pe\vendor\laravel\framework\src\Illuminate\Container\Container.php(803): ReflectionClass->__construct('translator')
#1 C:\xampp\htdocs\arconesycanastas.pe\vendor\laravel\framework\src\Illuminate\Container\Container.php(681): Illuminate\Container\Container->build('translator')
#2 C:\xampp\htdocs\arconesycanastas.pe\vendor\laravel\framework\src\Illuminate\Foundation\Application.php(785): Illuminate\Container\Container->resolve('translator', Array, true)
#3 C:\xampp\htdocs\arconesycanastas.pe\vendor\laravel\framework\src\Illuminate\Container\Container.php(629): Illuminate\Foundation\Application->resolve('translator', Array)
#4 C:\xampp\htdocs\arconesycanastas.pe\vendor\laravel\framework\src\Illuminate\Foundation\Application.php(770): Illuminate\Container\Container->make('translator', Array)
#5 C:\x {"exception":"[object] (Symfony\\Component\\Debug\\Exception\\FatalErrorException(code: 1): Uncaught ReflectionException: Class translator does not exist in C:\\xampp\\htdocs\\arconesycanastas.pe\\vendor\\laravel\\framework\\src\\Illuminate\\Container\\Container.php:803
Stack trace:
#0 C:\\xampp\\htdocs\\arconesycanastas.pe\\vendor\\laravel\\framework\\src\\Illuminate\\Container\\Container.php(803): ReflectionClass->__construct('translator')
#1 C:\\xampp\\htdocs\\arconesycanastas.pe\\vendor\\laravel\\framework\\src\\Illuminate\\Container\\Container.php(681): Illuminate\\Container\\Container->build('translator')
#2 C:\\xampp\\htdocs\\arconesycanastas.pe\\vendor\\laravel\\framework\\src\\Illuminate\\Foundation\\Application.php(785): Illuminate\\Container\\Container->resolve('translator', Array, true)
#3 C:\\xampp\\htdocs\\arconesycanastas.pe\\vendor\\laravel\\framework\\src\\Illuminate\\Container\\Container.php(629): Illuminate\\Foundation\\Application->resolve('translator', Array)
#4 C:\\xampp\\htdocs\\arconesycanastas.pe\\vendor\\laravel\\framework\\src\\Illuminate\\Foundation\\Application.php(770): Illuminate\\Container\\Container->make('translator', Array)
#5 C:\\x at C:\\xampp\\htdocs\\arconesycanastas.pe\\vendor\\laravel\\framework\\src\\Illuminate\\Container\\Container.php:805)
[stacktrace]
#0 {main}
"} 
[2020-04-24 17:06:35] local.ERROR: Method App\Http\Controllers\Venta\PedidoActivo\ArmadoPedidoActivo\ArmadoPedidoActivoController::edit does not exist. {"userId":1,"exception":"[object] (BadMethodCallException(code: 0): Method App\\Http\\Controllers\\Venta\\PedidoActivo\\ArmadoPedidoActivo\\ArmadoPedidoActivoController::edit does not exist. at C:\\xampp\\htdocs\\arconesycanastas.pe\\vendor\\laravel\\framework\\src\\Illuminate\\Routing\\Controller.php:68)
[stacktrace]
#0 [internal function]: Illuminate\\Routing\\Controller->__call('edit', Array)
#1 C:\\xampp\\htdocs\\arconesycanastas.pe\\vendor\\laravel\\framework\\src\\Illuminate\\Routing\\Controller.php(54): call_user_func_array(Array, Array)
#2 C:\\xampp\\htdocs\\arconesycanastas.pe\\vendor\\laravel\\framework\\src\\Illuminate\\Routing\\ControllerDispatcher.php(45): Illuminate\\Routing\\Controller->callAction('edit', Array)
#3 C:\\xampp\\htdocs\\arconesycanastas.pe\\vendor\\laravel\\framework\\src\\Illuminate\\Routing\\Route.php(219): Illuminate\\Routing\\ControllerDispatcher->dispatch(Object(Illuminate\\Routing\\Route), Object(App\\Http\\Controllers\\Venta\\PedidoActivo\\ArmadoPedidoActivo\\ArmadoPedidoActivoController), 'edit')
#4 C:\\xampp\\htdocs\\arconesycanastas.pe\\vendor\\laravel\\framework\\src\\Illuminate\\Routing\\Route.php(176): Illuminate\\Routing\\Route->runController()
#5 C:\\xampp\\htdocs\\arconesycanastas.pe\\vendor\\laravel\\framework\\src\\Illuminate\\Routing\\Router.php(681): Illuminate\\Routing\\Route->run()
#6 C:\\xampp\\htdocs\\arconesycanastas.pe\\vendor\\laravel\\framework\\src\\Illuminate\\Pipeline\\Pipeline.php(130): Illuminate\\Routing\\Router->Illuminate\\Routing\\{closure}(Object(Illuminate\\Http\\Request))
#7 C:\\xampp\\htdocs\\arconesycanastas.pe\\vendor\\spatie\\laravel-permission\\src\\Middlewares\\PermissionMiddleware.php(22): Illuminate\\Pipeline\\Pipeline->Illuminate\\Pipeline\\{closure}(Object(Illuminate\\Http\\Request))
#8 C:\\xampp\\htdocs\\arconesycanastas.pe\\vendor\\laravel\\framework\\src\\Illuminate\\Pipeline\\Pipeline.php(171): Spatie\\Permission\\Middlewares\\PermissionMiddleware->handle(Object(Illuminate\\Http\\Request), Object(Closure), 'venta.pedidoAct...')
#9 C:\\xampp\\htdocs\\arconesycanastas.pe\\app\\Http\\Middleware\\PrimerAccesoMiddleware.php(15): Illuminate\\Pipeline\\Pipeline->Illuminate\\Pipeline\\{closure}(Object(Illuminate\\Http\\Request))
#10 C:\\xampp\\htdocs\\arconesycanastas.pe\\vendor\\laravel\\framework\\src\\Illuminate\\Pipeline\\Pipeline.php(171): App\\Http\\Middleware\\PrimerAccesoMiddleware->handle(Object(Illuminate\\Http\\Request), Object(Closure))
#11 C:\\xampp\\htdocs\\arconesycanastas.pe\\app\\Http\\Middleware\\IdiomaSistemaMiddleware.php(9): Illuminate\\Pipeline\\Pipeline->Illuminate\\Pipeline\\{closure}(Object(Illuminate\\Http\\Request))
#12 C:\\xampp\\htdocs\\arconesycanastas.pe\\vendor\\laravel\\framework\\src\\Illuminate\\Pipeline\\Pipeline.php(171): App\\Http\\Middleware\\IdiomaSistemaMiddleware->handle(Object(Illuminate\\Http\\Request), Object(Closure))
#13 C:\\xampp\\htdocs\\arconesycanastas.pe\\app\\Http\\Middleware\\SinAccesoAlSistemaMiddleware.php(13): Illuminate\\Pipeline\\Pipeline->Illuminate\\Pipeline\\{closure}(Object(Illuminate\\Http\\Request))
#14 C:\\xampp\\htdocs\\arconesycanastas.pe\\vendor\\laravel\\framework\\src\\Illuminate\\Pipeline\\Pipeline.php(171): App\\Http\\Middleware\\SinAccesoAlSistemaMiddleware->handle(Object(Illuminate\\Http\\Request), Object(Closure))
#15 C:\\xampp\\htdocs\\arconesycanastas.pe\\app\\Http\\Middleware\\HeadersSegurosMiddleware.php(18): Illuminate\\Pipeline\\Pipeline->Illuminate\\Pipeline\\{closure}(Object(Illuminate\\Http\\Request))
#16 C:\\xampp\\htdocs\\arconesycanastas.pe\\vendor\\laravel\\framework\\src\\Illuminate\\Pipeline\\Pipeline.php(171): App\\Http\\Middleware\\HeadersSegurosMiddleware->handle(Object(Illuminate\\Http\\Request), Object(Closure))
#17 C:\\xampp\\htdocs\\arconesycanastas.pe\\app\\Http\\Middleware\\NavegadorMiddleware.php(12): Illuminate\\Pipeline\\Pipeline->Illuminate\\Pipeline\\{closure}(Object(Illuminate\\Http\\Request))
#18 C:\\xampp\\htdocs\\arconesycanastas.pe\\vendor\\laravel\\framework\\src\\Illuminate\\Pipeline\\Pipeline.php(171): App\\Http\\Middleware\\NavegadorMiddleware->handle(Object(Illuminate\\Http\\Request), Object(Closure))
#19 C:\\xampp\\htdocs\\arconesycanastas.pe\\vendor\\laravel\\framework\\src\\Illuminate\\Routing\\Middleware\\SubstituteBindings.php(41): Illuminate\\Pipeline\\Pipeline->Illuminate\\Pipeline\\{closure}(Object(Illuminate\\Http\\Request))
#20 C:\\xampp\\htdocs\\arconesycanastas.pe\\vendor\\laravel\\framework\\src\\Illuminate\\Pipeline\\Pipeline.php(171): Illuminate\\Routing\\Middleware\\SubstituteBindings->handle(Object(Illuminate\\Http\\Request), Object(Closure))
#21 C:\\xampp\\htdocs\\arconesycanastas.pe\\vendor\\laravel\\framework\\src\\Illuminate\\Auth\\Middleware\\Authenticate.php(43): Illuminate\\Pipeline\\Pipeline->Illuminate\\Pipeline\\{closure}(Object(Illuminate\\Http\\Request))
#22 C:\\xampp\\htdocs\\arconesycanastas.pe\\vendor\\laravel\\framework\\src\\Illuminate\\Pipeline\\Pipeline.php(171): Illuminate\\Auth\\Middleware\\Authenticate->handle(Object(Illuminate\\Http\\Request), Object(Closure))
#23 C:\\xampp\\htdocs\\arconesycanastas.pe\\vendor\\laravel\\framework\\src\\Illuminate\\Foundation\\Http\\Middleware\\VerifyCsrfToken.php(76): Illuminate\\Pipeline\\Pipeline->Illuminate\\Pipeline\\{closure}(Object(Illuminate\\Http\\Request))
#24 C:\\xampp\\htdocs\\arconesycanastas.pe\\vendor\\laravel\\framework\\src\\Illuminate\\Pipeline\\Pipeline.php(171): Illuminate\\Foundation\\Http\\Middleware\\VerifyCsrfToken->handle(Object(Illuminate\\Http\\Request), Object(Closure))
#25 C:\\xampp\\htdocs\\arconesycanastas.pe\\vendor\\laravel\\framework\\src\\Illuminate\\View\\Middleware\\ShareErrorsFromSession.php(49): Illuminate\\Pipeline\\Pipeline->Illuminate\\Pipeline\\{closure}(Object(Illuminate\\Http\\Request))
#26 C:\\xampp\\htdocs\\arconesycanastas.pe\\vendor\\laravel\\framework\\src\\Illuminate\\Pipeline\\Pipeline.php(171): Illuminate\\View\\Middleware\\ShareErrorsFromSession->handle(Object(Illuminate\\Http\\Request), Object(Closure))
#27 C:\\xampp\\htdocs\\arconesycanastas.pe\\vendor\\laravel\\framework\\src\\Illuminate\\Session\\Middleware\\StartSession.php(56): Illuminate\\Pipeline\\Pipeline->Illuminate\\Pipeline\\{closure}(Object(Illuminate\\Http\\Request))
#28 C:\\xampp\\htdocs\\arconesycanastas.pe\\vendor\\laravel\\framework\\src\\Illuminate\\Pipeline\\Pipeline.php(171): Illuminate\\Session\\Middleware\\StartSession->handle(Object(Illuminate\\Http\\Request), Object(Closure))
#29 C:\\xampp\\htdocs\\arconesycanastas.pe\\vendor\\laravel\\framework\\src\\Illuminate\\Cookie\\Middleware\\AddQueuedCookiesToResponse.php(37): Illuminate\\Pipeline\\Pipeline->Illuminate\\Pipeline\\{closure}(Object(Illuminate\\Http\\Request))
#30 C:\\xampp\\htdocs\\arconesycanastas.pe\\vendor\\laravel\\framework\\src\\Illuminate\\Pipeline\\Pipeline.php(171): Illuminate\\Cookie\\Middleware\\AddQueuedCookiesToResponse->handle(Object(Illuminate\\Http\\Request), Object(Closure))
#31 C:\\xampp\\htdocs\\arconesycanastas.pe\\vendor\\laravel\\framework\\src\\Illuminate\\Cookie\\Middleware\\EncryptCookies.php(66): Illuminate\\Pipeline\\Pipeline->Illuminate\\Pipeline\\{closure}(Object(Illuminate\\Http\\Request))
#32 C:\\xampp\\htdocs\\arconesycanastas.pe\\vendor\\laravel\\framework\\src\\Illuminate\\Pipeline\\Pipeline.php(171): Illuminate\\Cookie\\Middleware\\EncryptCookies->handle(Object(Illuminate\\Http\\Request), Object(Closure))
#33 C:\\xampp\\htdocs\\arconesycanastas.pe\\vendor\\laravel\\framework\\src\\Illuminate\\Pipeline\\Pipeline.php(105): Illuminate\\Pipeline\\Pipeline->Illuminate\\Pipeline\\{closure}(Object(Illuminate\\Http\\Request))
#34 C:\\xampp\\htdocs\\arconesycanastas.pe\\vendor\\laravel\\framework\\src\\Illuminate\\Routing\\Router.php(683): Illuminate\\Pipeline\\Pipeline->then(Object(Closure))
#35 C:\\xampp\\htdocs\\arconesycanastas.pe\\vendor\\laravel\\framework\\src\\Illuminate\\Routing\\Router.php(658): Illuminate\\Routing\\Router->runRouteWithinStack(Object(Illuminate\\Routing\\Route), Object(Illuminate\\Http\\Request))
#36 C:\\xampp\\htdocs\\arconesycanastas.pe\\vendor\\laravel\\framework\\src\\Illuminate\\Routing\\Router.php(624): Illuminate\\Routing\\Router->runRoute(Object(Illuminate\\Http\\Request), Object(Illuminate\\Routing\\Route))
#37 C:\\xampp\\htdocs\\arconesycanastas.pe\\vendor\\laravel\\framework\\src\\Illuminate\\Routing\\Router.php(613): Illuminate\\Routing\\Router->dispatchToRoute(Object(Illuminate\\Http\\Request))
#38 C:\\xampp\\htdocs\\arconesycanastas.pe\\vendor\\laravel\\framework\\src\\Illuminate\\Foundation\\Http\\Kernel.php(170): Illuminate\\Routing\\Router->dispatch(Object(Illuminate\\Http\\Request))
#39 C:\\xampp\\htdocs\\arconesycanastas.pe\\vendor\\laravel\\framework\\src\\Illuminate\\Pipeline\\Pipeline.php(130): Illuminate\\Foundation\\Http\\Kernel->Illuminate\\Foundation\\Http\\{closure}(Object(Illuminate\\Http\\Request))
#40 C:\\xampp\\htdocs\\arconesycanastas.pe\\vendor\\barryvdh\\laravel-debugbar\\src\\Middleware\\InjectDebugbar.php(65): Illuminate\\Pipeline\\Pipeline->Illuminate\\Pipeline\\{closure}(Object(Illuminate\\Http\\Request))
#41 C:\\xampp\\htdocs\\arconesycanastas.pe\\vendor\\laravel\\framework\\src\\Illuminate\\Pipeline\\Pipeline.php(171): Barryvdh\\Debugbar\\Middleware\\InjectDebugbar->handle(Object(Illuminate\\Http\\Request), Object(Closure))
#42 C:\\xampp\\htdocs\\arconesycanastas.pe\\vendor\\laravel\\framework\\src\\Illuminate\\Foundation\\Http\\Middleware\\TransformsRequest.php(21): Illuminate\\Pipeline\\Pipeline->Illuminate\\Pipeline\\{closure}(Object(Illuminate\\Http\\Request))
#43 C:\\xampp\\htdocs\\arconesycanastas.pe\\vendor\\laravel\\framework\\src\\Illuminate\\Pipeline\\Pipeline.php(171): Illuminate\\Foundation\\Http\\Middleware\\TransformsRequest->handle(Object(Illuminate\\Http\\Request), Object(Closure))
#44 C:\\xampp\\htdocs\\arconesycanastas.pe\\vendor\\laravel\\framework\\src\\Illuminate\\Foundation\\Http\\Middleware\\TransformsRequest.php(21): Illuminate\\Pipeline\\Pipeline->Illuminate\\Pipeline\\{closure}(Object(Illuminate\\Http\\Request))
#45 C:\\xampp\\htdocs\\arconesycanastas.pe\\vendor\\laravel\\framework\\src\\Illuminate\\Pipeline\\Pipeline.php(171): Illuminate\\Foundation\\Http\\Middleware\\TransformsRequest->handle(Object(Illuminate\\Http\\Request), Object(Closure))
#46 C:\\xampp\\htdocs\\arconesycanastas.pe\\vendor\\laravel\\framework\\src\\Illuminate\\Foundation\\Http\\Middleware\\ValidatePostSize.php(27): Illuminate\\Pipeline\\Pipeline->Illuminate\\Pipeline\\{closure}(Object(Illuminate\\Http\\Request))
#47 C:\\xampp\\htdocs\\arconesycanastas.pe\\vendor\\laravel\\framework\\src\\Illuminate\\Pipeline\\Pipeline.php(171): Illuminate\\Foundation\\Http\\Middleware\\ValidatePostSize->handle(Object(Illuminate\\Http\\Request), Object(Closure))
#48 C:\\xampp\\htdocs\\arconesycanastas.pe\\vendor\\laravel\\framework\\src\\Illuminate\\Foundation\\Http\\Middleware\\CheckForMaintenanceMode.php(63): Illuminate\\Pipeline\\Pipeline->Illuminate\\Pipeline\\{closure}(Object(Illuminate\\Http\\Request))
#49 C:\\xampp\\htdocs\\arconesycanastas.pe\\vendor\\laravel\\framework\\src\\Illuminate\\Pipeline\\Pipeline.php(171): Illuminate\\Foundation\\Http\\Middleware\\CheckForMaintenanceMode->handle(Object(Illuminate\\Http\\Request), Object(Closure))
#50 C:\\xampp\\htdocs\\arconesycanastas.pe\\vendor\\fideloper\\proxy\\src\\TrustProxies.php(57): Illuminate\\Pipeline\\Pipeline->Illuminate\\Pipeline\\{closure}(Object(Illuminate\\Http\\Request))
#51 C:\\xampp\\htdocs\\arconesycanastas.pe\\vendor\\laravel\\framework\\src\\Illuminate\\Pipeline\\Pipeline.php(171): Fideloper\\Proxy\\TrustProxies->handle(Object(Illuminate\\Http\\Request), Object(Closure))
#52 C:\\xampp\\htdocs\\arconesycanastas.pe\\vendor\\laravel\\framework\\src\\Illuminate\\Pipeline\\Pipeline.php(105): Illuminate\\Pipeline\\Pipeline->Illuminate\\Pipeline\\{closure}(Object(Illuminate\\Http\\Request))
#53 C:\\xampp\\htdocs\\arconesycanastas.pe\\vendor\\laravel\\framework\\src\\Illuminate\\Foundation\\Http\\Kernel.php(145): Illuminate\\Pipeline\\Pipeline->then(Object(Closure))
#54 C:\\xampp\\htdocs\\arconesycanastas.pe\\vendor\\laravel\\framework\\src\\Illuminate\\Foundation\\Http\\Kernel.php(110): Illuminate\\Foundation\\Http\\Kernel->sendRequestThroughRouter(Object(Illuminate\\Http\\Request))
#55 C:\\xampp\\htdocs\\arconesycanastas.pe\\public\\index.php(55): Illuminate\\Foundation\\Http\\Kernel->handle(Object(Illuminate\\Http\\Request))
#56 {main}
"} 
[2020-04-24 18:06:26] local.ERROR: No se puede establecer una conexión ya que el equipo de destino denegó expresamente dicha conexión. [tcp://127.0.0.1:6379] (View: C:\xampp\htdocs\arconesycanastas.pe\resources\views\layouts\public\logo.blade.php) {"exception":"[object] (Facade\\Ignition\\Exceptions\\ViewException(code: 0): No se puede establecer una conexión ya que el equipo de destino denegó expresamente dicha conexión. [tcp://127.0.0.1:6379] (View: C:\\xampp\\htdocs\\arconesycanastas.pe\esources\\views\\layouts\\public\\logo.blade.php) at C:\\xampp\\htdocs\\arconesycanastas.pe\\vendor\\predis\\predis\\src\\Connection\\AbstractConnection.php:155)
[stacktrace]
#0 C:\\xampp\\htdocs\\arconesycanastas.pe\\vendor\\predis\\predis\\src\\Connection\\StreamConnection.php(128): Predis\\Connection\\AbstractConnection->onConnectionError('No se puede est...', 10061)
#1 C:\\xampp\\htdocs\\arconesycanastas.pe\\vendor\\predis\\predis\\src\\Connection\\StreamConnection.php(178): Predis\\Connection\\StreamConnection->createStreamSocket(Object(Predis\\Connection\\Parameters), 'tcp://127.0.0.1...', 4)
#2 C:\\xampp\\htdocs\\arconesycanastas.pe\\vendor\\predis\\predis\\src\\Connection\\StreamConnection.php(100): Predis\\Connection\\StreamConnection->tcpStreamInitializer(Object(Predis\\Connection\\Parameters))
#3 C:\\xampp\\htdocs\\arconesycanastas.pe\\vendor\\predis\\predis\\src\\Connection\\AbstractConnection.php(81): Predis\\Connection\\StreamConnection->createResource()
#4 C:\\xampp\\htdocs\\arconesycanastas.pe\\vendor\\predis\\predis\\src\\Connection\\StreamConnection.php(258): Predis\\Connection\\AbstractConnection->connect()
#5 C:\\xampp\\htdocs\\arconesycanastas.pe\\vendor\\predis\\predis\\src\\Connection\\AbstractConnection.php(180): Predis\\Connection\\StreamConnection->connect()
#6 C:\\xampp\\htdocs\\arconesycanastas.pe\\vendor\\predis\\predis\\src\\Connection\\StreamConnection.php(288): Predis\\Connection\\AbstractConnection->getResource()
#7 C:\\xampp\\htdocs\\arconesycanastas.pe\\vendor\\predis\\predis\\src\\Connection\\StreamConnection.php(394): Predis\\Connection\\StreamConnection->write('*2\\
$3\\
GET\\
$3...')
#8 C:\\xampp\\htdocs\\arconesycanastas.pe\\vendor\\predis\\predis\\src\\Connection\\AbstractConnection.php(110): Predis\\Connection\\StreamConnection->writeRequest(Object(Predis\\Command\\StringGet))
#9 C:\\xampp\\htdocs\\arconesycanastas.pe\\vendor\\predis\\predis\\src\\Client.php(331): Predis\\Connection\\AbstractConnection->executeCommand(Object(Predis\\Command\\StringGet))
#10 C:\\xampp\\htdocs\\arconesycanastas.pe\\vendor\\predis\\predis\\src\\Client.php(314): Predis\\Client->executeCommand(Object(Predis\\Command\\StringGet))
#11 C:\\xampp\\htdocs\\arconesycanastas.pe\\vendor\\laravel\\framework\\src\\Illuminate\\Redis\\Connections\\Connection.php(116): Predis\\Client->__call('get', Array)
#12 C:\\xampp\\htdocs\\arconesycanastas.pe\\vendor\\laravel\\framework\\src\\Illuminate\\Redis\\Connections\\Connection.php(220): Illuminate\\Redis\\Connections\\Connection->command('get', Array)
#13 C:\\xampp\\htdocs\\arconesycanastas.pe\\vendor\\laravel\\framework\\src\\Illuminate\\Cache\\RedisStore.php(54): Illuminate\\Redis\\Connections\\Connection->__call('get', Array)
#14 C:\\xampp\\htdocs\\arconesycanastas.pe\\vendor\\laravel\\framework\\src\\Illuminate\\Cache\\Repository.php(97): Illuminate\\Cache\\RedisStore->get('sistema')
#15 C:\\xampp\\htdocs\\arconesycanastas.pe\\vendor\\laravel\\framework\\src\\Illuminate\\Cache\\Repository.php(409): Illuminate\\Cache\\Repository->get('sistema')
#16 C:\\xampp\\htdocs\\arconesycanastas.pe\\vendor\\laravel\\framework\\src\\Illuminate\\Cache\\CacheManager.php(378): Illuminate\\Cache\\Repository->rememberForever('sistema', Object(Closure))
#17 C:\\xampp\\htdocs\\arconesycanastas.pe\\vendor\\laravel\\framework\\src\\Illuminate\\Support\\Facades\\Facade.php(261): Illuminate\\Cache\\CacheManager->__call('rememberForever', Array)
#18 C:\\xampp\\htdocs\\arconesycanastas.pe\\app\\Repositories\\sistema\\sistema\\SistemaRepositories.php(16): Illuminate\\Support\\Facades\\Facade::__callStatic('rememberForever', Array)
#19 C:\\xampp\\htdocs\\arconesycanastas.pe\esources\\views/layouts/public/logo.blade.php(2): App\\Repositories\\sistema\\sistema\\SistemaRepositories->sistemaFindOrFail()
#20 C:\\xampp\\htdocs\\arconesycanastas.pe\\vendor\\laravel\\framework\\src\\Illuminate\\View\\Engines\\PhpEngine.php(43): include('C:\\\\xampp\\\\htdocs...')
#21 C:\\xampp\\htdocs\\arconesycanastas.pe\\vendor\\laravel\\framework\\src\\Illuminate\\View\\Engines\\CompilerEngine.php(59): Illuminate\\View\\Engines\\PhpEngine->evaluatePath('C:\\\\xampp\\\\htdocs...', Array)
#22 C:\\xampp\\htdocs\\arconesycanastas.pe\\vendor\\facade\\ignition\\src\\Views\\Engines\\CompilerEngine.php(36): Illuminate\\View\\Engines\\CompilerEngine->get('C:\\\\xampp\\\\htdocs...', Array)
#23 C:\\xampp\\htdocs\\arconesycanastas.pe\\vendor\\laravel\\framework\\src\\Illuminate\\View\\View.php(143): Facade\\Ignition\\Views\\Engines\\CompilerEngine->get('C:\\\\xampp\\\\htdocs...', Array)
#24 C:\\xampp\\htdocs\\arconesycanastas.pe\\vendor\\laravel\\framework\\src\\Illuminate\\View\\View.php(126): Illuminate\\View\\View->getContents()
#25 C:\\xampp\\htdocs\\arconesycanastas.pe\\vendor\\laravel\\framework\\src\\Illuminate\\View\\View.php(91): Illuminate\\View\\View->renderContents()
#26 C:\\xampp\\htdocs\\arconesycanastas.pe\esources\\views/auth/login.blade.php(8): Illuminate\\View\\View->render()
#27 C:\\xampp\\htdocs\\arconesycanastas.pe\\vendor\\laravel\\framework\\src\\Illuminate\\View\\Engines\\PhpEngine.php(43): include('C:\\\\xampp\\\\htdocs...')
#28 C:\\xampp\\htdocs\\arconesycanastas.pe\\vendor\\laravel\\framework\\src\\Illuminate\\View\\Engines\\CompilerEngine.php(59): Illuminate\\View\\Engines\\PhpEngine->evaluatePath('C:\\\\xampp\\\\htdocs...', Array)
#29 C:\\xampp\\htdocs\\arconesycanastas.pe\\vendor\\facade\\ignition\\src\\Views\\Engines\\CompilerEngine.php(36): Illuminate\\View\\Engines\\CompilerEngine->get('C:\\\\xampp\\\\htdocs...', Array)
#30 C:\\xampp\\htdocs\\arconesycanastas.pe\\vendor\\laravel\\framework\\src\\Illuminate\\View\\View.php(143): Facade\\Ignition\\Views\\Engines\\CompilerEngine->get('C:\\\\xampp\\\\htdocs...', Array)
#31 C:\\xampp\\htdocs\\arconesycanastas.pe\\vendor\\laravel\\framework\\src\\Illuminate\\View\\View.php(126): Illuminate\\View\\View->getContents()
#32 C:\\xampp\\htdocs\\arconesycanastas.pe\\vendor\\laravel\\framework\\src\\Illuminate\\View\\View.php(91): Illuminate\\View\\View->renderContents()
#33 C:\\xampp\\htdocs\\arconesycanastas.pe\\vendor\\laravel\\framework\\src\\Illuminate\\Http\\Response.php(42): Illuminate\\View\\View->render()
#34 C:\\xampp\\htdocs\\arconesycanastas.pe\\vendor\\symfony\\http-foundation\\Response.php(202): Illuminate\\Http\\Response->setContent(Object(Illuminate\\View\\View))
#35 C:\\xampp\\htdocs\\arconesycanastas.pe\\vendor\\laravel\\framework\\src\\Illuminate\\Routing\\Router.php(749): Symfony\\Component\\HttpFoundation\\Response->__construct(Object(Illuminate\\View\\View), 200, Array)
#36 C:\\xampp\\htdocs\\arconesycanastas.pe\\vendor\\laravel\\framework\\src\\Illuminate\\Routing\\Router.php(721): Illuminate\\Routing\\Router::toResponse(Object(Illuminate\\Http\\Request), Object(Illuminate\\View\\View))
#37 C:\\xampp\\htdocs\\arconesycanastas.pe\\vendor\\laravel\\framework\\src\\Illuminate\\Routing\\Router.php(681): Illuminate\\Routing\\Router->prepareResponse(Object(Illuminate\\Http\\Request), Object(Illuminate\\View\\View))
#38 C:\\xampp\\htdocs\\arconesycanastas.pe\\vendor\\laravel\\framework\\src\\Illuminate\\Pipeline\\Pipeline.php(130): Illuminate\\Routing\\Router->Illuminate\\Routing\\{closure}(Object(Illuminate\\Http\\Request))
#39 C:\\xampp\\htdocs\\arconesycanastas.pe\\app\\Http\\Middleware\\RedirectIfAuthenticated.php(24): Illuminate\\Pipeline\\Pipeline->Illuminate\\Pipeline\\{closure}(Object(Illuminate\\Http\\Request))
#40 C:\\xampp\\htdocs\\arconesycanastas.pe\\vendor\\laravel\\framework\\src\\Illuminate\\Pipeline\\Pipeline.php(171): App\\Http\\Middleware\\RedirectIfAuthenticated->handle(Object(Illuminate\\Http\\Request), Object(Closure))
#41 C:\\xampp\\htdocs\\arconesycanastas.pe\\app\\Http\\Middleware\\HeadersSegurosMiddleware.php(18): Illuminate\\Pipeline\\Pipeline->Illuminate\\Pipeline\\{closure}(Object(Illuminate\\Http\\Request))
#42 C:\\xampp\\htdocs\\arconesycanastas.pe\\vendor\\laravel\\framework\\src\\Illuminate\\Pipeline\\Pipeline.php(171): App\\Http\\Middleware\\HeadersSegurosMiddleware->handle(Object(Illuminate\\Http\\Request), Object(Closure))
#43 C:\\xampp\\htdocs\\arconesycanastas.pe\\app\\Http\\Middleware\\NavegadorMiddleware.php(12): Illuminate\\Pipeline\\Pipeline->Illuminate\\Pipeline\\{closure}(Object(Illuminate\\Http\\Request))
#44 C:\\xampp\\htdocs\\arconesycanastas.pe\\vendor\\laravel\\framework\\src\\Illuminate\\Pipeline\\Pipeline.php(171): App\\Http\\Middleware\\NavegadorMiddleware->handle(Object(Illuminate\\Http\\Request), Object(Closure))
#45 C:\\xampp\\htdocs\\arconesycanastas.pe\\vendor\\laravel\\framework\\src\\Illuminate\\Routing\\Middleware\\SubstituteBindings.php(41): Illuminate\\Pipeline\\Pipeline->Illuminate\\Pipeline\\{closure}(Object(Illuminate\\Http\\Request))
#46 C:\\xampp\\htdocs\\arconesycanastas.pe\\vendor\\laravel\\framework\\src\\Illuminate\\Pipeline\\Pipeline.php(171): Illuminate\\Routing\\Middleware\\SubstituteBindings->handle(Object(Illuminate\\Http\\Request), Object(Closure))
#47 C:\\xampp\\htdocs\\arconesycanastas.pe\\vendor\\laravel\\framework\\src\\Illuminate\\Foundation\\Http\\Middleware\\VerifyCsrfToken.php(76): Illuminate\\Pipeline\\Pipeline->Illuminate\\Pipeline\\{closure}(Object(Illuminate\\Http\\Request))
#48 C:\\xampp\\htdocs\\arconesycanastas.pe\\vendor\\laravel\\framework\\src\\Illuminate\\Pipeline\\Pipeline.php(171): Illuminate\\Foundation\\Http\\Middleware\\VerifyCsrfToken->handle(Object(Illuminate\\Http\\Request), Object(Closure))
#49 C:\\xampp\\htdocs\\arconesycanastas.pe\\vendor\\laravel\\framework\\src\\Illuminate\\View\\Middleware\\ShareErrorsFromSession.php(49): Illuminate\\Pipeline\\Pipeline->Illuminate\\Pipeline\\{closure}(Object(Illuminate\\Http\\Request))
#50 C:\\xampp\\htdocs\\arconesycanastas.pe\\vendor\\laravel\\framework\\src\\Illuminate\\Pipeline\\Pipeline.php(171): Illuminate\\View\\Middleware\\ShareErrorsFromSession->handle(Object(Illuminate\\Http\\Request), Object(Closure))
#51 C:\\xampp\\htdocs\\arconesycanastas.pe\\vendor\\laravel\\framework\\src\\Illuminate\\Session\\Middleware\\StartSession.php(56): Illuminate\\Pipeline\\Pipeline->Illuminate\\Pipeline\\{closure}(Object(Illuminate\\Http\\Request))
#52 C:\\xampp\\htdocs\\arconesycanastas.pe\\vendor\\laravel\\framework\\src\\Illuminate\\Pipeline\\Pipeline.php(171): Illuminate\\Session\\Middleware\\StartSession->handle(Object(Illuminate\\Http\\Request), Object(Closure))
#53 C:\\xampp\\htdocs\\arconesycanastas.pe\\vendor\\laravel\\framework\\src\\Illuminate\\Cookie\\Middleware\\AddQueuedCookiesToResponse.php(37): Illuminate\\Pipeline\\Pipeline->Illuminate\\Pipeline\\{closure}(Object(Illuminate\\Http\\Request))
#54 C:\\xampp\\htdocs\\arconesycanastas.pe\\vendor\\laravel\\framework\\src\\Illuminate\\Pipeline\\Pipeline.php(171): Illuminate\\Cookie\\Middleware\\AddQueuedCookiesToResponse->handle(Object(Illuminate\\Http\\Request), Object(Closure))
#55 C:\\xampp\\htdocs\\arconesycanastas.pe\\vendor\\laravel\\framework\\src\\Illuminate\\Cookie\\Middleware\\EncryptCookies.php(66): Illuminate\\Pipeline\\Pipeline->Illuminate\\Pipeline\\{closure}(Object(Illuminate\\Http\\Request))
#56 C:\\xampp\\htdocs\\arconesycanastas.pe\\vendor\\laravel\\framework\\src\\Illuminate\\Pipeline\\Pipeline.php(171): Illuminate\\Cookie\\Middleware\\EncryptCookies->handle(Object(Illuminate\\Http\\Request), Object(Closure))
#57 C:\\xampp\\htdocs\\arconesycanastas.pe\\vendor\\laravel\\framework\\src\\Illuminate\\Pipeline\\Pipeline.php(105): Illuminate\\Pipeline\\Pipeline->Illuminate\\Pipeline\\{closure}(Object(Illuminate\\Http\\Request))
#58 C:\\xampp\\htdocs\\arconesycanastas.pe\\vendor\\laravel\\framework\\src\\Illuminate\\Routing\\Router.php(683): Illuminate\\Pipeline\\Pipeline->then(Object(Closure))
#59 C:\\xampp\\htdocs\\arconesycanastas.pe\\vendor\\laravel\\framework\\src\\Illuminate\\Routing\\Router.php(658): Illuminate\\Routing\\Router->runRouteWithinStack(Object(Illuminate\\Routing\\Route), Object(Illuminate\\Http\\Request))
#60 C:\\xampp\\htdocs\\arconesycanastas.pe\\vendor\\laravel\\framework\\src\\Illuminate\\Routing\\Router.php(624): Illuminate\\Routing\\Router->runRoute(Object(Illuminate\\Http\\Request), Object(Illuminate\\Routing\\Route))
#61 C:\\xampp\\htdocs\\arconesycanastas.pe\\vendor\\laravel\\framework\\src\\Illuminate\\Routing\\Router.php(613): Illuminate\\Routing\\Router->dispatchToRoute(Object(Illuminate\\Http\\Request))
#62 C:\\xampp\\htdocs\\arconesycanastas.pe\\vendor\\laravel\\framework\\src\\Illuminate\\Foundation\\Http\\Kernel.php(170): Illuminate\\Routing\\Router->dispatch(Object(Illuminate\\Http\\Request))
#63 C:\\xampp\\htdocs\\arconesycanastas.pe\\vendor\\laravel\\framework\\src\\Illuminate\\Pipeline\\Pipeline.php(130): Illuminate\\Foundation\\Http\\Kernel->Illuminate\\Foundation\\Http\\{closure}(Object(Illuminate\\Http\\Request))
#64 C:\\xampp\\htdocs\\arconesycanastas.pe\\vendor\\barryvdh\\laravel-debugbar\\src\\Middleware\\InjectDebugbar.php(65): Illuminate\\Pipeline\\Pipeline->Illuminate\\Pipeline\\{closure}(Object(Illuminate\\Http\\Request))
#65 C:\\xampp\\htdocs\\arconesycanastas.pe\\vendor\\laravel\\framework\\src\\Illuminate\\Pipeline\\Pipeline.php(171): Barryvdh\\Debugbar\\Middleware\\InjectDebugbar->handle(Object(Illuminate\\Http\\Request), Object(Closure))
#66 C:\\xampp\\htdocs\\arconesycanastas.pe\\vendor\\laravel\\framework\\src\\Illuminate\\Foundation\\Http\\Middleware\\TransformsRequest.php(21): Illuminate\\Pipeline\\Pipeline->Illuminate\\Pipeline\\{closure}(Object(Illuminate\\Http\\Request))
#67 C:\\xampp\\htdocs\\arconesycanastas.pe\\vendor\\laravel\\framework\\src\\Illuminate\\Pipeline\\Pipeline.php(171): Illuminate\\Foundation\\Http\\Middleware\\TransformsRequest->handle(Object(Illuminate\\Http\\Request), Object(Closure))
#68 C:\\xampp\\htdocs\\arconesycanastas.pe\\vendor\\laravel\\framework\\src\\Illuminate\\Foundation\\Http\\Middleware\\TransformsRequest.php(21): Illuminate\\Pipeline\\Pipeline->Illuminate\\Pipeline\\{closure}(Object(Illuminate\\Http\\Request))
#69 C:\\xampp\\htdocs\\arconesycanastas.pe\\vendor\\laravel\\framework\\src\\Illuminate\\Pipeline\\Pipeline.php(171): Illuminate\\Foundation\\Http\\Middleware\\TransformsRequest->handle(Object(Illuminate\\Http\\Request), Object(Closure))
#70 C:\\xampp\\htdocs\\arconesycanastas.pe\\vendor\\laravel\\framework\\src\\Illuminate\\Foundation\\Http\\Middleware\\ValidatePostSize.php(27): Illuminate\\Pipeline\\Pipeline->Illuminate\\Pipeline\\{closure}(Object(Illuminate\\Http\\Request))
#71 C:\\xampp\\htdocs\\arconesycanastas.pe\\vendor\\laravel\\framework\\src\\Illuminate\\Pipeline\\Pipeline.php(171): Illuminate\\Foundation\\Http\\Middleware\\ValidatePostSize->handle(Object(Illuminate\\Http\\Request), Object(Closure))
#72 C:\\xampp\\htdocs\\arconesycanastas.pe\\vendor\\laravel\\framework\\src\\Illuminate\\Foundation\\Http\\Middleware\\CheckForMaintenanceMode.php(63): Illuminate\\Pipeline\\Pipeline->Illuminate\\Pipeline\\{closure}(Object(Illuminate\\Http\\Request))
#73 C:\\xampp\\htdocs\\arconesycanastas.pe\\vendor\\laravel\\framework\\src\\Illuminate\\Pipeline\\Pipeline.php(171): Illuminate\\Foundation\\Http\\Middleware\\CheckForMaintenanceMode->handle(Object(Illuminate\\Http\\Request), Object(Closure))
#74 C:\\xampp\\htdocs\\arconesycanastas.pe\\vendor\\fideloper\\proxy\\src\\TrustProxies.php(57): Illuminate\\Pipeline\\Pipeline->Illuminate\\Pipeline\\{closure}(Object(Illuminate\\Http\\Request))
#75 C:\\xampp\\htdocs\\arconesycanastas.pe\\vendor\\laravel\\framework\\src\\Illuminate\\Pipeline\\Pipeline.php(171): Fideloper\\Proxy\\TrustProxies->handle(Object(Illuminate\\Http\\Request), Object(Closure))
#76 C:\\xampp\\htdocs\\arconesycanastas.pe\\vendor\\laravel\\framework\\src\\Illuminate\\Pipeline\\Pipeline.php(105): Illuminate\\Pipeline\\Pipeline->Illuminate\\Pipeline\\{closure}(Object(Illuminate\\Http\\Request))
#77 C:\\xampp\\htdocs\\arconesycanastas.pe\\vendor\\laravel\\framework\\src\\Illuminate\\Foundation\\Http\\Kernel.php(145): Illuminate\\Pipeline\\Pipeline->then(Object(Closure))
#78 C:\\xampp\\htdocs\\arconesycanastas.pe\\vendor\\laravel\\framework\\src\\Illuminate\\Foundation\\Http\\Kernel.php(110): Illuminate\\Foundation\\Http\\Kernel->sendRequestThroughRouter(Object(Illuminate\\Http\\Request))
#79 C:\\xampp\\htdocs\\arconesycanastas.pe\\public\\index.php(55): Illuminate\\Foundation\\Http\\Kernel->handle(Object(Illuminate\\Http\\Request))
#80 {main}

[previous exception] [object] (Predis\\Connection\\ConnectionException(code: 10061): No se puede establecer una conexión ya que el equipo de destino denegó expresamente dicha conexión. [tcp://127.0.0.1:6379] at C:\\xampp\\htdocs\\arconesycanastas.pe\\vendor\\predis\\predis\\src\\Connection\\AbstractConnection.php:155)
[stacktrace]
#0 C:\\xampp\\htdocs\\arconesycanastas.pe\\vendor\\predis\\predis\\src\\Connection\\StreamConnection.php(128): Predis\\Connection\\AbstractConnection->onConnectionError('No se puede est...', 10061)
#1 C:\\xampp\\htdocs\\arconesycanastas.pe\\vendor\\predis\\predis\\src\\Connection\\StreamConnection.php(178): Predis\\Connection\\StreamConnection->createStreamSocket(Object(Predis\\Connection\\Parameters), 'tcp://127.0.0.1...', 4)
#2 C:\\xampp\\htdocs\\arconesycanastas.pe\\vendor\\predis\\predis\\src\\Connection\\StreamConnection.php(100): Predis\\Connection\\StreamConnection->tcpStreamInitializer(Object(Predis\\Connection\\Parameters))
#3 C:\\xampp\\htdocs\\arconesycanastas.pe\\vendor\\predis\\predis\\src\\Connection\\AbstractConnection.php(81): Predis\\Connection\\StreamConnection->createResource()
#4 C:\\xampp\\htdocs\\arconesycanastas.pe\\vendor\\predis\\predis\\src\\Connection\\StreamConnection.php(258): Predis\\Connection\\AbstractConnection->connect()
#5 C:\\xampp\\htdocs\\arconesycanastas.pe\\vendor\\predis\\predis\\src\\Connection\\AbstractConnection.php(180): Predis\\Connection\\StreamConnection->connect()
#6 C:\\xampp\\htdocs\\arconesycanastas.pe\\vendor\\predis\\predis\\src\\Connection\\StreamConnection.php(288): Predis\\Connection\\AbstractConnection->getResource()
#7 C:\\xampp\\htdocs\\arconesycanastas.pe\\vendor\\predis\\predis\\src\\Connection\\StreamConnection.php(394): Predis\\Connection\\StreamConnection->write('*2\\
$3\\
GET\\
$3...')
#8 C:\\xampp\\htdocs\\arconesycanastas.pe\\vendor\\predis\\predis\\src\\Connection\\AbstractConnection.php(110): Predis\\Connection\\StreamConnection->writeRequest(Object(Predis\\Command\\StringGet))
#9 C:\\xampp\\htdocs\\arconesycanastas.pe\\vendor\\predis\\predis\\src\\Client.php(331): Predis\\Connection\\AbstractConnection->executeCommand(Object(Predis\\Command\\StringGet))
#10 C:\\xampp\\htdocs\\arconesycanastas.pe\\vendor\\predis\\predis\\src\\Client.php(314): Predis\\Client->executeCommand(Object(Predis\\Command\\StringGet))
#11 C:\\xampp\\htdocs\\arconesycanastas.pe\\vendor\\laravel\\framework\\src\\Illuminate\\Redis\\Connections\\Connection.php(116): Predis\\Client->__call('get', Array)
#12 C:\\xampp\\htdocs\\arconesycanastas.pe\\vendor\\laravel\\framework\\src\\Illuminate\\Redis\\Connections\\Connection.php(220): Illuminate\\Redis\\Connections\\Connection->command('get', Array)
#13 C:\\xampp\\htdocs\\arconesycanastas.pe\\vendor\\laravel\\framework\\src\\Illuminate\\Cache\\RedisStore.php(54): Illuminate\\Redis\\Connections\\Connection->__call('get', Array)
#14 C:\\xampp\\htdocs\\arconesycanastas.pe\\vendor\\laravel\\framework\\src\\Illuminate\\Cache\\Repository.php(97): Illuminate\\Cache\\RedisStore->get('sistema')
#15 C:\\xampp\\htdocs\\arconesycanastas.pe\\vendor\\laravel\\framework\\src\\Illuminate\\Cache\\Repository.php(409): Illuminate\\Cache\\Repository->get('sistema')
#16 C:\\xampp\\htdocs\\arconesycanastas.pe\\vendor\\laravel\\framework\\src\\Illuminate\\Cache\\CacheManager.php(378): Illuminate\\Cache\\Repository->rememberForever('sistema', Object(Closure))
#17 C:\\xampp\\htdocs\\arconesycanastas.pe\\vendor\\laravel\\framework\\src\\Illuminate\\Support\\Facades\\Facade.php(261): Illuminate\\Cache\\CacheManager->__call('rememberForever', Array)
#18 C:\\xampp\\htdocs\\arconesycanastas.pe\\app\\Repositories\\sistema\\sistema\\SistemaRepositories.php(16): Illuminate\\Support\\Facades\\Facade::__callStatic('rememberForever', Array)
#19 C:\\xampp\\htdocs\\arconesycanastas.pe\\storage\\framework\\views\\4ccc1919fa172c5a24fdae2b50f20fdfa7d7b383.php(2): App\\Repositories\\sistema\\sistema\\SistemaRepositories->sistemaFindOrFail()
#20 C:\\xampp\\htdocs\\arconesycanastas.pe\\vendor\\laravel\\framework\\src\\Illuminate\\View\\Engines\\PhpEngine.php(43): include('C:\\\\xampp\\\\htdocs...')
#21 C:\\xampp\\htdocs\\arconesycanastas.pe\\vendor\\laravel\\framework\\src\\Illuminate\\View\\Engines\\CompilerEngine.php(59): Illuminate\\View\\Engines\\PhpEngine->evaluatePath('C:\\\\xampp\\\\htdocs...', Array)
#22 C:\\xampp\\htdocs\\arconesycanastas.pe\\vendor\\facade\\ignition\\src\\Views\\Engines\\CompilerEngine.php(36): Illuminate\\View\\Engines\\CompilerEngine->get('C:\\\\xampp\\\\htdocs...', Array)
#23 C:\\xampp\\htdocs\\arconesycanastas.pe\\vendor\\laravel\\framework\\src\\Illuminate\\View\\View.php(143): Facade\\Ignition\\Views\\Engines\\CompilerEngine->get('C:\\\\xampp\\\\htdocs...', Array)
#24 C:\\xampp\\htdocs\\arconesycanastas.pe\\vendor\\laravel\\framework\\src\\Illuminate\\View\\View.php(126): Illuminate\\View\\View->getContents()
#25 C:\\xampp\\htdocs\\arconesycanastas.pe\\vendor\\laravel\\framework\\src\\Illuminate\\View\\View.php(91): Illuminate\\View\\View->renderContents()
#26 C:\\xampp\\htdocs\\arconesycanastas.pe\\storage\\framework\\views\\c51207cdcb1a2bee48d552821a06071b2c5fbded.php(7): Illuminate\\View\\View->render()
#27 C:\\xampp\\htdocs\\arconesycanastas.pe\\vendor\\laravel\\framework\\src\\Illuminate\\View\\Engines\\PhpEngine.php(43): include('C:\\\\xampp\\\\htdocs...')
#28 C:\\xampp\\htdocs\\arconesycanastas.pe\\vendor\\laravel\\framework\\src\\Illuminate\\View\\Engines\\CompilerEngine.php(59): Illuminate\\View\\Engines\\PhpEngine->evaluatePath('C:\\\\xampp\\\\htdocs...', Array)
#29 C:\\xampp\\htdocs\\arconesycanastas.pe\\vendor\\facade\\ignition\\src\\Views\\Engines\\CompilerEngine.php(36): Illuminate\\View\\Engines\\CompilerEngine->get('C:\\\\xampp\\\\htdocs...', Array)
#30 C:\\xampp\\htdocs\\arconesycanastas.pe\\vendor\\laravel\\framework\\src\\Illuminate\\View\\View.php(143): Facade\\Ignition\\Views\\Engines\\CompilerEngine->get('C:\\\\xampp\\\\htdocs...', Array)
#31 C:\\xampp\\htdocs\\arconesycanastas.pe\\vendor\\laravel\\framework\\src\\Illuminate\\View\\View.php(126): Illuminate\\View\\View->getContents()
#32 C:\\xampp\\htdocs\\arconesycanastas.pe\\vendor\\laravel\\framework\\src\\Illuminate\\View\\View.php(91): Illuminate\\View\\View->renderContents()
#33 C:\\xampp\\htdocs\\arconesycanastas.pe\\vendor\\laravel\\framework\\src\\Illuminate\\Http\\Response.php(42): Illuminate\\View\\View->render()
#34 C:\\xampp\\htdocs\\arconesycanastas.pe\\vendor\\symfony\\http-foundation\\Response.php(202): Illuminate\\Http\\Response->setContent(Object(Illuminate\\View\\View))
#35 C:\\xampp\\htdocs\\arconesycanastas.pe\\vendor\\laravel\\framework\\src\\Illuminate\\Routing\\Router.php(749): Symfony\\Component\\HttpFoundation\\Response->__construct(Object(Illuminate\\View\\View), 200, Array)
#36 C:\\xampp\\htdocs\\arconesycanastas.pe\\vendor\\laravel\\framework\\src\\Illuminate\\Routing\\Router.php(721): Illuminate\\Routing\\Router::toResponse(Object(Illuminate\\Http\\Request), Object(Illuminate\\View\\View))
#37 C:\\xampp\\htdocs\\arconesycanastas.pe\\vendor\\laravel\\framework\\src\\Illuminate\\Routing\\Router.php(681): Illuminate\\Routing\\Router->prepareResponse(Object(Illuminate\\Http\\Request), Object(Illuminate\\View\\View))
#38 C:\\xampp\\htdocs\\arconesycanastas.pe\\vendor\\laravel\\framework\\src\\Illuminate\\Pipeline\\Pipeline.php(130): Illuminate\\Routing\\Router->Illuminate\\Routing\\{closure}(Object(Illuminate\\Http\\Request))
#39 C:\\xampp\\htdocs\\arconesycanastas.pe\\app\\Http\\Middleware\\RedirectIfAuthenticated.php(24): Illuminate\\Pipeline\\Pipeline->Illuminate\\Pipeline\\{closure}(Object(Illuminate\\Http\\Request))
#40 C:\\xampp\\htdocs\\arconesycanastas.pe\\vendor\\laravel\\framework\\src\\Illuminate\\Pipeline\\Pipeline.php(171): App\\Http\\Middleware\\RedirectIfAuthenticated->handle(Object(Illuminate\\Http\\Request), Object(Closure))
#41 C:\\xampp\\htdocs\\arconesycanastas.pe\\app\\Http\\Middleware\\HeadersSegurosMiddleware.php(18): Illuminate\\Pipeline\\Pipeline->Illuminate\\Pipeline\\{closure}(Object(Illuminate\\Http\\Request))
#42 C:\\xampp\\htdocs\\arconesycanastas.pe\\vendor\\laravel\\framework\\src\\Illuminate\\Pipeline\\Pipeline.php(171): App\\Http\\Middleware\\HeadersSegurosMiddleware->handle(Object(Illuminate\\Http\\Request), Object(Closure))
#43 C:\\xampp\\htdocs\\arconesycanastas.pe\\app\\Http\\Middleware\\NavegadorMiddleware.php(12): Illuminate\\Pipeline\\Pipeline->Illuminate\\Pipeline\\{closure}(Object(Illuminate\\Http\\Request))
#44 C:\\xampp\\htdocs\\arconesycanastas.pe\\vendor\\laravel\\framework\\src\\Illuminate\\Pipeline\\Pipeline.php(171): App\\Http\\Middleware\\NavegadorMiddleware->handle(Object(Illuminate\\Http\\Request), Object(Closure))
#45 C:\\xampp\\htdocs\\arconesycanastas.pe\\vendor\\laravel\\framework\\src\\Illuminate\\Routing\\Middleware\\SubstituteBindings.php(41): Illuminate\\Pipeline\\Pipeline->Illuminate\\Pipeline\\{closure}(Object(Illuminate\\Http\\Request))
#46 C:\\xampp\\htdocs\\arconesycanastas.pe\\vendor\\laravel\\framework\\src\\Illuminate\\Pipeline\\Pipeline.php(171): Illuminate\\Routing\\Middleware\\SubstituteBindings->handle(Object(Illuminate\\Http\\Request), Object(Closure))
#47 C:\\xampp\\htdocs\\arconesycanastas.pe\\vendor\\laravel\\framework\\src\\Illuminate\\Foundation\\Http\\Middleware\\VerifyCsrfToken.php(76): Illuminate\\Pipeline\\Pipeline->Illuminate\\Pipeline\\{closure}(Object(Illuminate\\Http\\Request))
#48 C:\\xampp\\htdocs\\arconesycanastas.pe\\vendor\\laravel\\framework\\src\\Illuminate\\Pipeline\\Pipeline.php(171): Illuminate\\Foundation\\Http\\Middleware\\VerifyCsrfToken->handle(Object(Illuminate\\Http\\Request), Object(Closure))
#49 C:\\xampp\\htdocs\\arconesycanastas.pe\\vendor\\laravel\\framework\\src\\Illuminate\\View\\Middleware\\ShareErrorsFromSession.php(49): Illuminate\\Pipeline\\Pipeline->Illuminate\\Pipeline\\{closure}(Object(Illuminate\\Http\\Request))
#50 C:\\xampp\\htdocs\\arconesycanastas.pe\\vendor\\laravel\\framework\\src\\Illuminate\\Pipeline\\Pipeline.php(171): Illuminate\\View\\Middleware\\ShareErrorsFromSession->handle(Object(Illuminate\\Http\\Request), Object(Closure))
#51 C:\\xampp\\htdocs\\arconesycanastas.pe\\vendor\\laravel\\framework\\src\\Illuminate\\Session\\Middleware\\StartSession.php(56): Illuminate\\Pipeline\\Pipeline->Illuminate\\Pipeline\\{closure}(Object(Illuminate\\Http\\Request))
#52 C:\\xampp\\htdocs\\arconesycanastas.pe\\vendor\\laravel\\framework\\src\\Illuminate\\Pipeline\\Pipeline.php(171): Illuminate\\Session\\Middleware\\StartSession->handle(Object(Illuminate\\Http\\Request), Object(Closure))
#53 C:\\xampp\\htdocs\\arconesycanastas.pe\\vendor\\laravel\\framework\\src\\Illuminate\\Cookie\\Middleware\\AddQueuedCookiesToResponse.php(37): Illuminate\\Pipeline\\Pipeline->Illuminate\\Pipeline\\{closure}(Object(Illuminate\\Http\\Request))
#54 C:\\xampp\\htdocs\\arconesycanastas.pe\\vendor\\laravel\\framework\\src\\Illuminate\\Pipeline\\Pipeline.php(171): Illuminate\\Cookie\\Middleware\\AddQueuedCookiesToResponse->handle(Object(Illuminate\\Http\\Request), Object(Closure))
#55 C:\\xampp\\htdocs\\arconesycanastas.pe\\vendor\\laravel\\framework\\src\\Illuminate\\Cookie\\Middleware\\EncryptCookies.php(66): Illuminate\\Pipeline\\Pipeline->Illuminate\\Pipeline\\{closure}(Object(Illuminate\\Http\\Request))
#56 C:\\xampp\\htdocs\\arconesycanastas.pe\\vendor\\laravel\\framework\\src\\Illuminate\\Pipeline\\Pipeline.php(171): Illuminate\\Cookie\\Middleware\\EncryptCookies->handle(Object(Illuminate\\Http\\Request), Object(Closure))
#57 C:\\xampp\\htdocs\\arconesycanastas.pe\\vendor\\laravel\\framework\\src\\Illuminate\\Pipeline\\Pipeline.php(105): Illuminate\\Pipeline\\Pipeline->Illuminate\\Pipeline\\{closure}(Object(Illuminate\\Http\\Request))
#58 C:\\xampp\\htdocs\\arconesycanastas.pe\\vendor\\laravel\\framework\\src\\Illuminate\\Routing\\Router.php(683): Illuminate\\Pipeline\\Pipeline->then(Object(Closure))
#59 C:\\xampp\\htdocs\\arconesycanastas.pe\\vendor\\laravel\\framework\\src\\Illuminate\\Routing\\Router.php(658): Illuminate\\Routing\\Router->runRouteWithinStack(Object(Illuminate\\Routing\\Route), Object(Illuminate\\Http\\Request))
#60 C:\\xampp\\htdocs\\arconesycanastas.pe\\vendor\\laravel\\framework\\src\\Illuminate\\Routing\\Router.php(624): Illuminate\\Routing\\Router->runRoute(Object(Illuminate\\Http\\Request), Object(Illuminate\\Routing\\Route))
#61 C:\\xampp\\htdocs\\arconesycanastas.pe\\vendor\\laravel\\framework\\src\\Illuminate\\Routing\\Router.php(613): Illuminate\\Routing\\Router->dispatchToRoute(Object(Illuminate\\Http\\Request))
#62 C:\\xampp\\htdocs\\arconesycanastas.pe\\vendor\\laravel\\framework\\src\\Illuminate\\Foundation\\Http\\Kernel.php(170): Illuminate\\Routing\\Router->dispatch(Object(Illuminate\\Http\\Request))
#63 C:\\xampp\\htdocs\\arconesycanastas.pe\\vendor\\laravel\\framework\\src\\Illuminate\\Pipeline\\Pipeline.php(130): Illuminate\\Foundation\\Http\\Kernel->Illuminate\\Foundation\\Http\\{closure}(Object(Illuminate\\Http\\Request))
#64 C:\\xampp\\htdocs\\arconesycanastas.pe\\vendor\\barryvdh\\laravel-debugbar\\src\\Middleware\\InjectDebugbar.php(65): Illuminate\\Pipeline\\Pipeline->Illuminate\\Pipeline\\{closure}(Object(Illuminate\\Http\\Request))
#65 C:\\xampp\\htdocs\\arconesycanastas.pe\\vendor\\laravel\\framework\\src\\Illuminate\\Pipeline\\Pipeline.php(171): Barryvdh\\Debugbar\\Middleware\\InjectDebugbar->handle(Object(Illuminate\\Http\\Request), Object(Closure))
#66 C:\\xampp\\htdocs\\arconesycanastas.pe\\vendor\\laravel\\framework\\src\\Illuminate\\Foundation\\Http\\Middleware\\TransformsRequest.php(21): Illuminate\\Pipeline\\Pipeline->Illuminate\\Pipeline\\{closure}(Object(Illuminate\\Http\\Request))
#67 C:\\xampp\\htdocs\\arconesycanastas.pe\\vendor\\laravel\\framework\\src\\Illuminate\\Pipeline\\Pipeline.php(171): Illuminate\\Foundation\\Http\\Middleware\\TransformsRequest->handle(Object(Illuminate\\Http\\Request), Object(Closure))
#68 C:\\xampp\\htdocs\\arconesycanastas.pe\\vendor\\laravel\\framework\\src\\Illuminate\\Foundation\\Http\\Middleware\\TransformsRequest.php(21): Illuminate\\Pipeline\\Pipeline->Illuminate\\Pipeline\\{closure}(Object(Illuminate\\Http\\Request))
#69 C:\\xampp\\htdocs\\arconesycanastas.pe\\vendor\\laravel\\framework\\src\\Illuminate\\Pipeline\\Pipeline.php(171): Illuminate\\Foundation\\Http\\Middleware\\TransformsRequest->handle(Object(Illuminate\\Http\\Request), Object(Closure))
#70 C:\\xampp\\htdocs\\arconesycanastas.pe\\vendor\\laravel\\framework\\src\\Illuminate\\Foundation\\Http\\Middleware\\ValidatePostSize.php(27): Illuminate\\Pipeline\\Pipeline->Illuminate\\Pipeline\\{closure}(Object(Illuminate\\Http\\Request))
#71 C:\\xampp\\htdocs\\arconesycanastas.pe\\vendor\\laravel\\framework\\src\\Illuminate\\Pipeline\\Pipeline.php(171): Illuminate\\Foundation\\Http\\Middleware\\ValidatePostSize->handle(Object(Illuminate\\Http\\Request), Object(Closure))
#72 C:\\xampp\\htdocs\\arconesycanastas.pe\\vendor\\laravel\\framework\\src\\Illuminate\\Foundation\\Http\\Middleware\\CheckForMaintenanceMode.php(63): Illuminate\\Pipeline\\Pipeline->Illuminate\\Pipeline\\{closure}(Object(Illuminate\\Http\\Request))
#73 C:\\xampp\\htdocs\\arconesycanastas.pe\\vendor\\laravel\\framework\\src\\Illuminate\\Pipeline\\Pipeline.php(171): Illuminate\\Foundation\\Http\\Middleware\\CheckForMaintenanceMode->handle(Object(Illuminate\\Http\\Request), Object(Closure))
#74 C:\\xampp\\htdocs\\arconesycanastas.pe\\vendor\\fideloper\\proxy\\src\\TrustProxies.php(57): Illuminate\\Pipeline\\Pipeline->Illuminate\\Pipeline\\{closure}(Object(Illuminate\\Http\\Request))
#75 C:\\xampp\\htdocs\\arconesycanastas.pe\\vendor\\laravel\\framework\\src\\Illuminate\\Pipeline\\Pipeline.php(171): Fideloper\\Proxy\\TrustProxies->handle(Object(Illuminate\\Http\\Request), Object(Closure))
#76 C:\\xampp\\htdocs\\arconesycanastas.pe\\vendor\\laravel\\framework\\src\\Illuminate\\Pipeline\\Pipeline.php(105): Illuminate\\Pipeline\\Pipeline->Illuminate\\Pipeline\\{closure}(Object(Illuminate\\Http\\Request))
#77 C:\\xampp\\htdocs\\arconesycanastas.pe\\vendor\\laravel\\framework\\src\\Illuminate\\Foundation\\Http\\Kernel.php(145): Illuminate\\Pipeline\\Pipeline->then(Object(Closure))
#78 C:\\xampp\\htdocs\\arconesycanastas.pe\\vendor\\laravel\\framework\\src\\Illuminate\\Foundation\\Http\\Kernel.php(110): Illuminate\\Foundation\\Http\\Kernel->sendRequestThroughRouter(Object(Illuminate\\Http\\Request))
#79 C:\\xampp\\htdocs\\arconesycanastas.pe\\public\\index.php(55): Illuminate\\Foundation\\Http\\Kernel->handle(Object(Illuminate\\Http\\Request))
#80 {main}
"} 
